1289	0.9843	Ac200mM_HILIC4.02686.02686.2	14/26	K.IFSWLATIHGGSIR.L	Q0045	24.8894	1	319
964	0.9196	Ac200mM_HILIC4.03070.03070.3	24/72	K.HTGSNNK[170.11]SGDYNSKTFIM[147.04]K.Q	XXX.YAL021C	-38.6031	1	763,769,781
1404	0.9715	Ac200mM_HILIC4.03864.03864.3	23/76	K.RNQAVWLLPGQPIIETEQDR.M	XXX.YBR135W	-23.5498	1	52
1179	0.9685	Ac200mM_HILIC4.03555.03555.3	27/56	K.QTNTQATTTTLRVGR.I	XXX.YDR052C	5.3943	1	165
1066	0.9567	Ac200mM_HILIC4.02426.02426.2	14/16	K.DLK[170.11]DNLDQR.E	XXX.YDR093W	40.7889	1	1193,1195
167	0.9456	Ac200mM_HILIC3.02440.02440.2	12/14	K.LQNELK[170.11]IR.R	XXX.YGL090W	13.5334	1	402,407
1335	0.9725	Ac200mM_HILIC4.02551.02551.2	12/18	K.SNINEELGTR.V	XXX.YML025C	42.5189	1	173
1556	0.9611	Ac200mM_HILIC4.02041.02041.2	12/16	K.NSDTIY[205.07]QNR.N	XXX.YML111W	-31.6429	1	199
441	0.9023	Ac200mM_HILIC3.03624.03624.3	25/64	K.HERWISITLQLTHLQHR.I	XXX.YMR250W	-30.1364	1	451
1932	0.9948	Ac200mM_HILIC6.03075.03075.2	17/24	K.LLPDGDAVDALSR.K	YBR086C	13.5545	1	781
200	0.9846	Ac200mM_HILIC3.04251.04251.2	15/34	K.QSEQAASPEPTPAPPVSR.N	YBR105C	-15.2982	1	20
1982	0.9171	Ac200mM_HILIC6.04943.04943.4	27/114	K.VLALK[170.11]LLPPTLVPLLRLC[160.03]QL.P	YDR133C	39.7311	1	42,46
41	1.0000	Ac200mM_HILIC1.03044.03044.3	31/60	R.DLKPENLLLDEHLNVK.I	YDR477W	14.3229	1	176,178
929	0.9993	Ac200mM_HILIC7.01555.01555.2	19/24	R.ANM[147.04]LAQGSPAASK.I	YDR477W	19.0868	1	479,491
2105	0.9795	Ac200mM_HILIC6.02816.02816.3	26/60	K.SSLADGAHIGNYQIVK.T	YDR477W	10.6872	1	43,58
68	0.9361	Ac200mM_HILIC1.01990.01990.2	11/16	K.TLGEGSFGK.V	YDR477W	14.7244	1	59,67
1218	0.9952	Ac200mM_HILIC4.02772.02772.3	28/60	K.KLEDLVTPAGAVDLK[170.11]R.F	YFR030W	-14.4150	1	765,765
2094	0.9937	Ac200mM_HILIC6.02747.02747.2	12/14	K.DM[147.04]LEVLK[170.11]R.S	YGR178C	14.7752	1	402,408
812	0.9854	Ac200mM_HILIC5.01757.01757.3	23/52	K.K[170.11]RPPTGTTTTTTIR.S	YJL076W	12.6357	1	187,187
2201	1.0000	Ac200mM_HILIC8.04402.04402.4	23/126	E.AIPLHITAFLVPLLVVLFKVLK.T	YJL198W	20.2235	1	455,473
2238	0.9421	Ac200mM_HILIC8.03089.03089.2	12/22	K.RGTFY[205.07]AAPYLSK[170.11].Y	YLR024C	17.1377	1	1806,1817
1840	0.9092	Ac200mM_HILIC6.05002.05002.4	27/120	R.ILKGIILALTTIISINYVLKK.V	YMR013C	-425.8792	1	230,232,250
81	1.0000	Ac200mM_HILIC1.04446.04446.4	19/120	K.IWSRRNIIIIVGWILVAILLQ.R	YOR254C	-361.2838	1	87
44	0.9986	Ac200mM_HILIC1.03285.03285.2	16/24	K.AVDYILYLQNNER.L	YOR344C	14.5795	1	257
966	0.9098	Ac200mM_HILIC4.03433.03433.3	27/60	K.LNK[170.11]LSILDLEDNKIPK.E	YOR353C	36.5281	1	160,162,175
